#2026 06 15 06:28:08.329#Z#DEBUG#3865194f-6883-11f1-aca3-eeee0a82a9ce.capbms#flowable-async-job-executor-thread-25595#
[PollStageAppStatusExecution] 6b9cafda-ecc3-4d1f-b972-13a8e88287d4 [2026-06-15T06:27:29.705375] Added process: "web" (STDOUT, API)#
#2026 06 15 06:28:08.329#Z#DEBUG#3865194f-6883-11f1-aca3-eeee0a82a9ce.capbms#flowable-async-job-executor-thread-25595#
[PollStageAppStatusExecution] 6b9cafda-ecc3-4d1f-b972-13a8e88287d4 [2026-06-15T06:27:29.711862] Created app with guid 6b9cafda-ecc3-4d1f-b972-13a8e88287d4 (STDOUT, API)#
#2026 06 15 06:28:08.329#Z#DEBUG#3865194f-6883-11f1-aca3-eeee0a82a9ce.capbms#flowable-async-job-executor-thread-25595#
[PollStageAppStatusExecution] 6b9cafda-ecc3-4d1f-b972-13a8e88287d4 [2026-06-15T06:27:29.802319] Updating process: "web" (STDOUT, API)#
#2026 06 15 06:28:08.329#Z#DEBUG#3865194f-6883-11f1-aca3-eeee0a82a9ce.capbms#flowable-async-job-executor-thread-25595#
[PollStageAppStatusExecution] 6b9cafda-ecc3-4d1f-b972-13a8e88287d4 [2026-06-15T06:27:29.862567] Scaling process: "web" (STDOUT, API)#
#2026 06 15 06:28:08.329#Z#DEBUG#3865194f-6883-11f1-aca3-eeee0a82a9ce.capbms#flowable-async-job-executor-thread-25595#
[PollStageAppStatusExecution] 6b9cafda-ecc3-4d1f-b972-13a8e88287d4 [2026-06-15T06:27:48.492163] Uploading app package for app with guid 6b9cafda-ecc3-4d1f-b972-13a8e88287d4 (STDOUT, API)#
#2026 06 15 06:28:08.329#Z#DEBUG#3865194f-6883-11f1-aca3-eeee0a82a9ce.capbms#flowable-async-job-executor-thread-25595#
[PollStageAppStatusExecution] 6b9cafda-ecc3-4d1f-b972-13a8e88287d4 [2026-06-15T06:27:48.692557] Updated app with guid 6b9cafda-ecc3-4d1f-b972-13a8e88287d4 ({"environment_variables"=>"[PRIVATE DATA HIDDEN]"}) (STDOUT, API)#
#2026 06 15 06:28:08.329#Z#DEBUG#3865194f-6883-11f1-aca3-eeee0a82a9ce.capbms#flowable-async-job-executor-thread-25595#
[PollStageAppStatusExecution] 6b9cafda-ecc3-4d1f-b972-13a8e88287d4 [2026-06-15T06:27:58.462610] Creating build for app with guid 6b9cafda-ecc3-4d1f-b972-13a8e88287d4 (STDOUT, API)#
#2026 06 15 06:28:08.329#Z#DEBUG#3865194f-6883-11f1-aca3-eeee0a82a9ce.capbms#flowable-async-job-executor-thread-25595#
[PollStageAppStatusExecution] 6b9cafda-ecc3-4d1f-b972-13a8e88287d4 [2026-06-15T06:27:59.926049] Downloading zero_trust_sidecar_buildpack_1_16... (STDOUT, STG)#
#2026 06 15 06:28:08.329#Z#DEBUG#3865194f-6883-11f1-aca3-eeee0a82a9ce.capbms#flowable-async-job-executor-thread-25595#
[PollStageAppStatusExecution] 6b9cafda-ecc3-4d1f-b972-13a8e88287d4 [2026-06-15T06:27:59.926970] Downloading staticfile_buildpack... (STDOUT, STG)#
#2026 06 15 06:28:08.329#Z#DEBUG#3865194f-6883-11f1-aca3-eeee0a82a9ce.capbms#flowable-async-job-executor-thread-25595#
[PollStageAppStatusExecution] 6b9cafda-ecc3-4d1f-b972-13a8e88287d4 [2026-06-15T06:27:59.927056] Downloading java_buildpack... (STDOUT, STG)#
#2026 06 15 06:28:08.329#Z#DEBUG#3865194f-6883-11f1-aca3-eeee0a82a9ce.capbms#flowable-async-job-executor-thread-25595#
[PollStageAppStatusExecution] 6b9cafda-ecc3-4d1f-b972-13a8e88287d4 [2026-06-15T06:27:59.946804] Downloading nodejs_buildpack... (STDOUT, STG)#
#2026 06 15 06:28:08.329#Z#DEBUG#3865194f-6883-11f1-aca3-eeee0a82a9ce.capbms#flowable-async-job-executor-thread-25595#
[PollStageAppStatusExecution] 6b9cafda-ecc3-4d1f-b972-13a8e88287d4 [2026-06-15T06:27:59.967329] Downloaded staticfile_buildpack (STDOUT, STG)#
#2026 06 15 06:28:08.329#Z#DEBUG#3865194f-6883-11f1-aca3-eeee0a82a9ce.capbms#flowable-async-job-executor-thread-25595#
[PollStageAppStatusExecution] 6b9cafda-ecc3-4d1f-b972-13a8e88287d4 [2026-06-15T06:27:59.967365] Downloading go_buildpack... (STDOUT, STG)#
#2026 06 15 06:28:08.329#Z#DEBUG#3865194f-6883-11f1-aca3-eeee0a82a9ce.capbms#flowable-async-job-executor-thread-25595#
[PollStageAppStatusExecution] 6b9cafda-ecc3-4d1f-b972-13a8e88287d4 [2026-06-15T06:27:59.969098] Downloaded zero_trust_sidecar_buildpack_1_16 (STDOUT, STG)#
#2026 06 15 06:28:08.329#Z#DEBUG#3865194f-6883-11f1-aca3-eeee0a82a9ce.capbms#flowable-async-job-executor-thread-25595#
[PollStageAppStatusExecution] 6b9cafda-ecc3-4d1f-b972-13a8e88287d4 [2026-06-15T06:27:59.969128] Downloading python_buildpack... (STDOUT, STG)#
#2026 06 15 06:28:08.329#Z#DEBUG#3865194f-6883-11f1-aca3-eeee0a82a9ce.capbms#flowable-async-job-executor-thread-25595#
[PollStageAppStatusExecution] 6b9cafda-ecc3-4d1f-b972-13a8e88287d4 [2026-06-15T06:27:59.969300] Downloaded java_buildpack (STDOUT, STG)#
#2026 06 15 06:28:08.329#Z#DEBUG#3865194f-6883-11f1-aca3-eeee0a82a9ce.capbms#flowable-async-job-executor-thread-25595#
[PollStageAppStatusExecution] 6b9cafda-ecc3-4d1f-b972-13a8e88287d4 [2026-06-15T06:27:59.969339] Downloading php_buildpack... (STDOUT, STG)#
#2026 06 15 06:28:08.329#Z#DEBUG#3865194f-6883-11f1-aca3-eeee0a82a9ce.capbms#flowable-async-job-executor-thread-25595#
[PollStageAppStatusExecution] 6b9cafda-ecc3-4d1f-b972-13a8e88287d4 [2026-06-15T06:27:59.975390] Downloaded nodejs_buildpack (STDOUT, STG)#
#2026 06 15 06:28:08.329#Z#DEBUG#3865194f-6883-11f1-aca3-eeee0a82a9ce.capbms#flowable-async-job-executor-thread-25595#
[PollStageAppStatusExecution] 6b9cafda-ecc3-4d1f-b972-13a8e88287d4 [2026-06-15T06:27:59.975427] Downloading nginx_buildpack... (STDOUT, STG)#
#2026 06 15 06:28:08.329#Z#DEBUG#3865194f-6883-11f1-aca3-eeee0a82a9ce.capbms#flowable-async-job-executor-thread-25595#
[PollStageAppStatusExecution] 6b9cafda-ecc3-4d1f-b972-13a8e88287d4 [2026-06-15T06:27:59.997051] Downloaded python_buildpack (STDOUT, STG)#
#2026 06 15 06:28:08.329#Z#DEBUG#3865194f-6883-11f1-aca3-eeee0a82a9ce.capbms#flowable-async-job-executor-thread-25595#
[PollStageAppStatusExecution] 6b9cafda-ecc3-4d1f-b972-13a8e88287d4 [2026-06-15T06:27:59.997097] Downloading binary_buildpack... (STDOUT, STG)#
#2026 06 15 06:28:08.329#Z#DEBUG#3865194f-6883-11f1-aca3-eeee0a82a9ce.capbms#flowable-async-job-executor-thread-25595#
[PollStageAppStatusExecution] 6b9cafda-ecc3-4d1f-b972-13a8e88287d4 [2026-06-15T06:27:59.997334] Downloaded php_buildpack (STDOUT, STG)#
#2026 06 15 06:28:08.329#Z#DEBUG#3865194f-6883-11f1-aca3-eeee0a82a9ce.capbms#flowable-async-job-executor-thread-25595#
[PollStageAppStatusExecution] 6b9cafda-ecc3-4d1f-b972-13a8e88287d4 [2026-06-15T06:27:59.997371] Downloading java_buildpack_v5_preview... (STDOUT, STG)#
#2026 06 15 06:28:08.329#Z#DEBUG#3865194f-6883-11f1-aca3-eeee0a82a9ce.capbms#flowable-async-job-executor-thread-25595#
[PollStageAppStatusExecution] 6b9cafda-ecc3-4d1f-b972-13a8e88287d4 [2026-06-15T06:27:59.997631] Downloaded go_buildpack (STDOUT, STG)#
#2026 06 15 06:28:08.329#Z#DEBUG#3865194f-6883-11f1-aca3-eeee0a82a9ce.capbms#flowable-async-job-executor-thread-25595#
[PollStageAppStatusExecution] 6b9cafda-ecc3-4d1f-b972-13a8e88287d4 [2026-06-15T06:27:59.997650] Downloading sap_java_buildpack_jakarta... (STDOUT, STG)#
#2026 06 15 06:28:08.329#Z#DEBUG#3865194f-6883-11f1-aca3-eeee0a82a9ce.capbms#flowable-async-job-executor-thread-25595#
[PollStageAppStatusExecution] 6b9cafda-ecc3-4d1f-b972-13a8e88287d4 [2026-06-15T06:28:00.004888] Downloaded nginx_buildpack (STDOUT, STG)#
#2026 06 15 06:28:08.329#Z#DEBUG#3865194f-6883-11f1-aca3-eeee0a82a9ce.capbms#flowable-async-job-executor-thread-25595#
[PollStageAppStatusExecution] 6b9cafda-ecc3-4d1f-b972-13a8e88287d4 [2026-06-15T06:28:00.004927] Downloading sap_java_buildpack_jakarta_2_62... (STDOUT, STG)#
#2026 06 15 06:28:08.329#Z#DEBUG#3865194f-6883-11f1-aca3-eeee0a82a9ce.capbms#flowable-async-job-executor-thread-25595#
[PollStageAppStatusExecution] 6b9cafda-ecc3-4d1f-b972-13a8e88287d4 [2026-06-15T06:28:00.020907] Downloaded binary_buildpack (STDOUT, STG)#
#2026 06 15 06:28:08.329#Z#DEBUG#3865194f-6883-11f1-aca3-eeee0a82a9ce.capbms#flowable-async-job-executor-thread-25595#
[PollStageAppStatusExecution] 6b9cafda-ecc3-4d1f-b972-13a8e88287d4 [2026-06-15T06:28:00.020953] Downloading sap_java_buildpack_jakarta_2_59... (STDOUT, STG)#
#2026 06 15 06:28:08.329#Z#DEBUG#3865194f-6883-11f1-aca3-eeee0a82a9ce.capbms#flowable-async-job-executor-thread-25595#
[PollStageAppStatusExecution] 6b9cafda-ecc3-4d1f-b972-13a8e88287d4 [2026-06-15T06:28:00.045030] Downloaded sap_java_buildpack_jakarta (STDOUT, STG)#
#2026 06 15 06:28:08.329#Z#DEBUG#3865194f-6883-11f1-aca3-eeee0a82a9ce.capbms#flowable-async-job-executor-thread-25595#
[PollStageAppStatusExecution] 6b9cafda-ecc3-4d1f-b972-13a8e88287d4 [2026-06-15T06:28:00.045081] Downloading sap_java_buildpack_jakarta_2_58... (STDOUT, STG)#
#2026 06 15 06:28:08.329#Z#DEBUG#3865194f-6883-11f1-aca3-eeee0a82a9ce.capbms#flowable-async-job-executor-thread-25595#
[PollStageAppStatusExecution] 6b9cafda-ecc3-4d1f-b972-13a8e88287d4 [2026-06-15T06:28:00.046109] Downloaded java_buildpack_v5_preview (STDOUT, STG)#
#2026 06 15 06:28:08.329#Z#DEBUG#3865194f-6883-11f1-aca3-eeee0a82a9ce.capbms#flowable-async-job-executor-thread-25595#
[PollStageAppStatusExecution] 6b9cafda-ecc3-4d1f-b972-13a8e88287d4 [2026-06-15T06:28:00.046130] Downloading zero_trust_sidecar_buildpack_1_14... (STDOUT, STG)#
#2026 06 15 06:28:08.329#Z#DEBUG#3865194f-6883-11f1-aca3-eeee0a82a9ce.capbms#flowable-async-job-executor-thread-25595#
[PollStageAppStatusExecution] 6b9cafda-ecc3-4d1f-b972-13a8e88287d4 [2026-06-15T06:28:00.057769] Downloaded sap_java_buildpack_jakarta_2_62 (STDOUT, STG)#
#2026 06 15 06:28:08.329#Z#DEBUG#3865194f-6883-11f1-aca3-eeee0a82a9ce.capbms#flowable-async-job-executor-thread-25595#
[PollStageAppStatusExecution] 6b9cafda-ecc3-4d1f-b972-13a8e88287d4 [2026-06-15T06:28:00.057804] Downloading zero_trust_sidecar_buildpack_1_15... (STDOUT, STG)#
#2026 06 15 06:28:08.329#Z#DEBUG#3865194f-6883-11f1-aca3-eeee0a82a9ce.capbms#flowable-async-job-executor-thread-25595#
[PollStageAppStatusExecution] 6b9cafda-ecc3-4d1f-b972-13a8e88287d4 [2026-06-15T06:28:00.068928] Downloaded sap_java_buildpack_jakarta_2_59 (STDOUT, STG)#
#2026 06 15 06:28:08.329#Z#DEBUG#3865194f-6883-11f1-aca3-eeee0a82a9ce.capbms#flowable-async-job-executor-thread-25595#
[PollStageAppStatusExecution] 6b9cafda-ecc3-4d1f-b972-13a8e88287d4 [2026-06-15T06:28:00.068978] Downloading zero_trust_sidecar_buildpack... (STDOUT, STG)#
#2026 06 15 06:28:08.329#Z#DEBUG#3865194f-6883-11f1-aca3-eeee0a82a9ce.capbms#flowable-async-job-executor-thread-25595#
[PollStageAppStatusExecution] 6b9cafda-ecc3-4d1f-b972-13a8e88287d4 [2026-06-15T06:28:00.085033] Downloaded sap_java_buildpack_jakarta_2_58 (STDOUT, STG)#
#2026 06 15 06:28:08.329#Z#DEBUG#3865194f-6883-11f1-aca3-eeee0a82a9ce.capbms#flowable-async-job-executor-thread-25595#
[PollStageAppStatusExecution] 6b9cafda-ecc3-4d1f-b972-13a8e88287d4 [2026-06-15T06:28:00.096910] Downloaded zero_trust_sidecar_buildpack_1_15 (STDOUT, STG)#
#2026 06 15 06:28:08.329#Z#DEBUG#3865194f-6883-11f1-aca3-eeee0a82a9ce.capbms#flowable-async-job-executor-thread-25595#
[PollStageAppStatusExecution] 6b9cafda-ecc3-4d1f-b972-13a8e88287d4 [2026-06-15T06:28:00.097046] Downloaded zero_trust_sidecar_buildpack (STDOUT, STG)#
#2026 06 15 06:28:08.329#Z#DEBUG#3865194f-6883-11f1-aca3-eeee0a82a9ce.capbms#flowable-async-job-executor-thread-25595#
[PollStageAppStatusExecution] 6b9cafda-ecc3-4d1f-b972-13a8e88287d4 [2026-06-15T06:28:00.097550] Downloaded zero_trust_sidecar_buildpack_1_14 (STDOUT, STG)#
#2026 06 15 06:28:08.329#Z#DEBUG#3865194f-6883-11f1-aca3-eeee0a82a9ce.capbms#flowable-async-job-executor-thread-25595#
[PollStageAppStatusExecution] 6b9cafda-ecc3-4d1f-b972-13a8e88287d4 [2026-06-15T06:28:00.097629] Cell 77283d80-dfa7-40ba-ba4e-265aef112085 creating container for instance a1994401-28ca-4eb3-ba10-a5093d2e377b (STDOUT, STG)#
#2026 06 15 06:28:08.329#Z#DEBUG#3865194f-6883-11f1-aca3-eeee0a82a9ce.capbms#flowable-async-job-executor-thread-25595#
[PollStageAppStatusExecution] 6b9cafda-ecc3-4d1f-b972-13a8e88287d4 [2026-06-15T06:28:01.572154] Security group rules were updated (STDOUT, STG)#
#2026 06 15 06:28:08.329#Z#DEBUG#3865194f-6883-11f1-aca3-eeee0a82a9ce.capbms#flowable-async-job-executor-thread-25595#
[PollStageAppStatusExecution] 6b9cafda-ecc3-4d1f-b972-13a8e88287d4 [2026-06-15T06:28:01.724060] Cell 77283d80-dfa7-40ba-ba4e-265aef112085 successfully created container for instance a1994401-28ca-4eb3-ba10-a5093d2e377b (STDOUT, STG)#
#2026 06 15 06:28:08.329#Z#DEBUG#3865194f-6883-11f1-aca3-eeee0a82a9ce.capbms#flowable-async-job-executor-thread-25595#
[PollStageAppStatusExecution] 6b9cafda-ecc3-4d1f-b972-13a8e88287d4 [2026-06-15T06:28:02.892425] Downloading app package... (STDOUT, STG)#
#2026 06 15 06:28:08.329#Z#DEBUG#3865194f-6883-11f1-aca3-eeee0a82a9ce.capbms#flowable-async-job-executor-thread-25595#
[PollStageAppStatusExecution] 6b9cafda-ecc3-4d1f-b972-13a8e88287d4 [2026-06-15T06:28:04.276896] Downloaded app package (7.3M) (STDOUT, STG)#
#2026 06 15 06:28:08.329#Z#DEBUG#3865194f-6883-11f1-aca3-eeee0a82a9ce.capbms#flowable-async-job-executor-thread-25595#
[PollStageAppStatusExecution] 6b9cafda-ecc3-4d1f-b972-13a8e88287d4 [2026-06-15T06:28:05.055036] -----> Nodejs Buildpack version 1.9.1 (STDOUT, STG)#
#2026 06 15 06:28:08.329#Z#DEBUG#3865194f-6883-11f1-aca3-eeee0a82a9ce.capbms#flowable-async-job-executor-thread-25595#
[PollStageAppStatusExecution] 6b9cafda-ecc3-4d1f-b972-13a8e88287d4 [2026-06-15T06:28:05.467137] -----> Bootstrapping python (STDOUT, STG)#
#2026 06 15 06:28:08.329#Z#DEBUG#3865194f-6883-11f1-aca3-eeee0a82a9ce.capbms#flowable-async-job-executor-thread-25595#
[PollStageAppStatusExecution] 6b9cafda-ecc3-4d1f-b972-13a8e88287d4 [2026-06-15T06:28:05.467169] -----> Installing python 3.13.13 (STDOUT, STG)#
#2026 06 15 06:28:08.329#Z#DEBUG#3865194f-6883-11f1-aca3-eeee0a82a9ce.capbms#flowable-async-job-executor-thread-25595#
[PollStageAppStatusExecution] 6b9cafda-ecc3-4d1f-b972-13a8e88287d4 [2026-06-15T06:28:05.467174] Copy [/tmp/buildpacks/ac648aa71a7866ca/dependencies/268a5e3743d51a14b86ea9da64439307/python_3.13.13_linux_x64_cflinuxfs4_8311abbf.tgz] (STDOUT, STG)#
#2026 06 15 06:28:18.465#Z#DEBUG#3865194f-6883-11f1-aca3-eeee0a82a9ce.capbms#flowable-async-job-executor-thread-10075#
[PollStageAppStatusExecution] 6b9cafda-ecc3-4d1f-b972-13a8e88287d4 [2026-06-15T06:28:09.711399] -----> Installing binaries (STDOUT, STG)#
#2026 06 15 06:28:18.465#Z#DEBUG#3865194f-6883-11f1-aca3-eeee0a82a9ce.capbms#flowable-async-job-executor-thread-10075#
[PollStageAppStatusExecution] 6b9cafda-ecc3-4d1f-b972-13a8e88287d4 [2026-06-15T06:28:09.711504] engines.node (package.json): unspecified (STDOUT, STG)#
#2026 06 15 06:28:18.465#Z#DEBUG#3865194f-6883-11f1-aca3-eeee0a82a9ce.capbms#flowable-async-job-executor-thread-10075#
[PollStageAppStatusExecution] 6b9cafda-ecc3-4d1f-b972-13a8e88287d4 [2026-06-15T06:28:09.711519] engines.npm (package.json): unspecified (use default) (STDOUT, STG)#
#2026 06 15 06:28:18.465#Z#DEBUG#3865194f-6883-11f1-aca3-eeee0a82a9ce.capbms#flowable-async-job-executor-thread-10075#
[PollStageAppStatusExecution] 6b9cafda-ecc3-4d1f-b972-13a8e88287d4 [2026-06-15T06:28:09.711585] [31;1m**WARNING**[0m Node version not specified in package.json or .nvmrc. See: http://docs.cloudfoundry.org/buildpacks/node/node-tips.html (STDOUT, STG)#
#2026 06 15 06:28:18.465#Z#DEBUG#3865194f-6883-11f1-aca3-eeee0a82a9ce.capbms#flowable-async-job-executor-thread-10075#
[PollStageAppStatusExecution] 6b9cafda-ecc3-4d1f-b972-13a8e88287d4 [2026-06-15T06:28:09.711630] -----> Installing node 22.22.2 (STDOUT, STG)#
#2026 06 15 06:28:18.465#Z#DEBUG#3865194f-6883-11f1-aca3-eeee0a82a9ce.capbms#flowable-async-job-executor-thread-10075#
[PollStageAppStatusExecution] 6b9cafda-ecc3-4d1f-b972-13a8e88287d4 [2026-06-15T06:28:09.711697] Copy [/tmp/buildpacks/ac648aa71a7866ca/dependencies/5deea320c19fa94e977cff523ac00f82/node_22.22.2_linux_x64_cflinuxfs4_e5459374.tgz] (STDOUT, STG)#
#2026 06 15 06:28:18.465#Z#DEBUG#3865194f-6883-11f1-aca3-eeee0a82a9ce.capbms#flowable-async-job-executor-thread-10075#
[PollStageAppStatusExecution] 6b9cafda-ecc3-4d1f-b972-13a8e88287d4 [2026-06-15T06:28:12.437051] Using default npm version: 10.9.7 (STDOUT, STG)#
#2026 06 15 06:28:18.465#Z#DEBUG#3865194f-6883-11f1-aca3-eeee0a82a9ce.capbms#flowable-async-job-executor-thread-10075#
[PollStageAppStatusExecution] 6b9cafda-ecc3-4d1f-b972-13a8e88287d4 [2026-06-15T06:28:12.437321] -----> Installing yarn 1.22.22 (STDOUT, STG)#
#2026 06 15 06:28:18.465#Z#DEBUG#3865194f-6883-11f1-aca3-eeee0a82a9ce.capbms#flowable-async-job-executor-thread-10075#
[PollStageAppStatusExecution] 6b9cafda-ecc3-4d1f-b972-13a8e88287d4 [2026-06-15T06:28:12.437496] Copy [/tmp/buildpacks/ac648aa71a7866ca/dependencies/e4fe26756e9984a665478d350474fa2e/yarn_1.22.22_linux_noarch_any-stack_b6132b86.tgz] (STDOUT, STG)#
#2026 06 15 06:28:18.465#Z#DEBUG#3865194f-6883-11f1-aca3-eeee0a82a9ce.capbms#flowable-async-job-executor-thread-10075#
[PollStageAppStatusExecution] 6b9cafda-ecc3-4d1f-b972-13a8e88287d4 [2026-06-15T06:28:12.826940] Installed yarn 1.22.22 (STDOUT, STG)#
#2026 06 15 06:28:18.465#Z#DEBUG#3865194f-6883-11f1-aca3-eeee0a82a9ce.capbms#flowable-async-job-executor-thread-10075#
[PollStageAppStatusExecution] 6b9cafda-ecc3-4d1f-b972-13a8e88287d4 [2026-06-15T06:28:12.826978] -----> Creating runtime environment (STDOUT, STG)#
#2026 06 15 06:28:18.465#Z#DEBUG#3865194f-6883-11f1-aca3-eeee0a82a9ce.capbms#flowable-async-job-executor-thread-10075#
[PollStageAppStatusExecution] 6b9cafda-ecc3-4d1f-b972-13a8e88287d4 [2026-06-15T06:28:12.829257] NODE_ENV=production (STDOUT, STG)#
#2026 06 15 06:28:18.465#Z#DEBUG#3865194f-6883-11f1-aca3-eeee0a82a9ce.capbms#flowable-async-job-executor-thread-10075#
[PollStageAppStatusExecution] 6b9cafda-ecc3-4d1f-b972-13a8e88287d4 [2026-06-15T06:28:12.829274] NODE_HOME=/tmp/contents624630024/deps/0/node (STDOUT, STG)#
#2026 06 15 06:28:18.465#Z#DEBUG#3865194f-6883-11f1-aca3-eeee0a82a9ce.capbms#flowable-async-job-executor-thread-10075#
[PollStageAppStatusExecution] 6b9cafda-ecc3-4d1f-b972-13a8e88287d4 [2026-06-15T06:28:12.829278] NODE_MODULES_CACHE=true (STDOUT, STG)#
#2026 06 15 06:28:18.465#Z#DEBUG#3865194f-6883-11f1-aca3-eeee0a82a9ce.capbms#flowable-async-job-executor-thread-10075#
[PollStageAppStatusExecution] 6b9cafda-ecc3-4d1f-b972-13a8e88287d4 [2026-06-15T06:28:12.829281] NODE_VERBOSE=false (STDOUT, STG)#
#2026 06 15 06:28:18.465#Z#DEBUG#3865194f-6883-11f1-aca3-eeee0a82a9ce.capbms#flowable-async-job-executor-thread-10075#
[PollStageAppStatusExecution] 6b9cafda-ecc3-4d1f-b972-13a8e88287d4 [2026-06-15T06:28:12.829296] NPM_CONFIG_LOGLEVEL=error (STDOUT, STG)#
#2026 06 15 06:28:18.465#Z#DEBUG#3865194f-6883-11f1-aca3-eeee0a82a9ce.capbms#flowable-async-job-executor-thread-10075#
[PollStageAppStatusExecution] 6b9cafda-ecc3-4d1f-b972-13a8e88287d4 [2026-06-15T06:28:12.829301] NPM_CONFIG_PRODUCTION=true (STDOUT, STG)#
#2026 06 15 06:28:18.465#Z#DEBUG#3865194f-6883-11f1-aca3-eeee0a82a9ce.capbms#flowable-async-job-executor-thread-10075#
[PollStageAppStatusExecution] 6b9cafda-ecc3-4d1f-b972-13a8e88287d4 [2026-06-15T06:28:12.829411] -----> Building dependencies (STDOUT, STG)#
#2026 06 15 06:28:18.465#Z#DEBUG#3865194f-6883-11f1-aca3-eeee0a82a9ce.capbms#flowable-async-job-executor-thread-10075#
[PollStageAppStatusExecution] 6b9cafda-ecc3-4d1f-b972-13a8e88287d4 [2026-06-15T06:28:12.829431] Prebuild detected (node_modules already exists) (STDOUT, STG)#
#2026 06 15 06:28:18.465#Z#DEBUG#3865194f-6883-11f1-aca3-eeee0a82a9ce.capbms#flowable-async-job-executor-thread-10075#
[PollStageAppStatusExecution] 6b9cafda-ecc3-4d1f-b972-13a8e88287d4 [2026-06-15T06:28:12.829452] Rebuilding any native modules (STDOUT, STG)#
#2026 06 15 06:28:18.465#Z#DEBUG#3865194f-6883-11f1-aca3-eeee0a82a9ce.capbms#flowable-async-job-executor-thread-10075#
[PollStageAppStatusExecution] 6b9cafda-ecc3-4d1f-b972-13a8e88287d4 [2026-06-15T06:28:13.705215] rebuilt dependencies successfully (STDOUT, STG)#
#2026 06 15 06:28:18.465#Z#DEBUG#3865194f-6883-11f1-aca3-eeee0a82a9ce.capbms#flowable-async-job-executor-thread-10075#
[PollStageAppStatusExecution] 6b9cafda-ecc3-4d1f-b972-13a8e88287d4 [2026-06-15T06:28:13.705243] npm notice (STDOUT, STG)#
#2026 06 15 06:28:18.465#Z#DEBUG#3865194f-6883-11f1-aca3-eeee0a82a9ce.capbms#flowable-async-job-executor-thread-10075#
[PollStageAppStatusExecution] 6b9cafda-ecc3-4d1f-b972-13a8e88287d4 [2026-06-15T06:28:13.705247] npm notice New major version of npm available! 10.9.7 -> 11.17.0 (STDOUT, STG)#
#2026 06 15 06:28:18.465#Z#DEBUG#3865194f-6883-11f1-aca3-eeee0a82a9ce.capbms#flowable-async-job-executor-thread-10075#
[PollStageAppStatusExecution] 6b9cafda-ecc3-4d1f-b972-13a8e88287d4 [2026-06-15T06:28:13.705251] npm notice Changelog: https://github.com/npm/cli/releases/tag/v11.17.0 (STDOUT, STG)#
#2026 06 15 06:28:18.465#Z#DEBUG#3865194f-6883-11f1-aca3-eeee0a82a9ce.capbms#flowable-async-job-executor-thread-10075#
[PollStageAppStatusExecution] 6b9cafda-ecc3-4d1f-b972-13a8e88287d4 [2026-06-15T06:28:13.705255] npm notice To update run: npm install -g npm@11.17.0 (STDOUT, STG)#
#2026 06 15 06:28:18.465#Z#DEBUG#3865194f-6883-11f1-aca3-eeee0a82a9ce.capbms#flowable-async-job-executor-thread-10075#
[PollStageAppStatusExecution] 6b9cafda-ecc3-4d1f-b972-13a8e88287d4 [2026-06-15T06:28:13.705257] npm notice (STDOUT, STG)#
#2026 06 15 06:28:18.465#Z#DEBUG#3865194f-6883-11f1-aca3-eeee0a82a9ce.capbms#flowable-async-job-executor-thread-10075#
[PollStageAppStatusExecution] 6b9cafda-ecc3-4d1f-b972-13a8e88287d4 [2026-06-15T06:28:13.772703] Installing any new modules (package.json + package-lock.json) (STDOUT, STG)#
#2026 06 15 06:28:18.465#Z#DEBUG#3865194f-6883-11f1-aca3-eeee0a82a9ce.capbms#flowable-async-job-executor-thread-10075#
[PollStageAppStatusExecution] 6b9cafda-ecc3-4d1f-b972-13a8e88287d4 [2026-06-15T06:28:14.629560] up to date in 770ms (STDOUT, STG)#
#2026 06 15 06:28:18.465#Z#DEBUG#3865194f-6883-11f1-aca3-eeee0a82a9ce.capbms#flowable-async-job-executor-thread-10075#
[PollStageAppStatusExecution] 6b9cafda-ecc3-4d1f-b972-13a8e88287d4 [2026-06-15T06:28:14.629652] 31 packages are looking for funding (STDOUT, STG)#
#2026 06 15 06:28:18.465#Z#DEBUG#3865194f-6883-11f1-aca3-eeee0a82a9ce.capbms#flowable-async-job-executor-thread-10075#
[PollStageAppStatusExecution] 6b9cafda-ecc3-4d1f-b972-13a8e88287d4 [2026-06-15T06:28:14.629666] run `npm fund` for details (STDOUT, STG)#
#2026 06 15 06:28:18.465#Z#DEBUG#3865194f-6883-11f1-aca3-eeee0a82a9ce.capbms#flowable-async-job-executor-thread-10075#
[PollStageAppStatusExecution] 6b9cafda-ecc3-4d1f-b972-13a8e88287d4 [2026-06-15T06:28:15.898921] Contrast Security no credentials found. Will not write environment files. (STDOUT, STG)#
#2026 06 15 06:28:28.503#Z#DEBUG#3865194f-6883-11f1-aca3-eeee0a82a9ce.capbms#flowable-async-job-executor-thread-25610#
[PollStageAppStatusExecution] 6b9cafda-ecc3-4d1f-b972-13a8e88287d4 [2026-06-15T06:28:26.992231] Exit status 0 (STDOUT, STG)#
#2026 06 15 06:28:28.503#Z#DEBUG#3865194f-6883-11f1-aca3-eeee0a82a9ce.capbms#flowable-async-job-executor-thread-25610#
[PollStageAppStatusExecution] 6b9cafda-ecc3-4d1f-b972-13a8e88287d4 [2026-06-15T06:28:26.992314] Uploading droplet, build artifacts cache... (STDOUT, STG)#
#2026 06 15 06:28:28.503#Z#DEBUG#3865194f-6883-11f1-aca3-eeee0a82a9ce.capbms#flowable-async-job-executor-thread-25610#
[PollStageAppStatusExecution] 6b9cafda-ecc3-4d1f-b972-13a8e88287d4 [2026-06-15T06:28:26.992393] Uploading droplet... (STDOUT, STG)#
#2026 06 15 06:28:28.503#Z#DEBUG#3865194f-6883-11f1-aca3-eeee0a82a9ce.capbms#flowable-async-job-executor-thread-25610#
[PollStageAppStatusExecution] 6b9cafda-ecc3-4d1f-b972-13a8e88287d4 [2026-06-15T06:28:26.992425] Uploading build artifacts cache... (STDOUT, STG)#
#2026 06 15 06:28:28.503#Z#DEBUG#3865194f-6883-11f1-aca3-eeee0a82a9ce.capbms#flowable-async-job-executor-thread-25610#
[PollStageAppStatusExecution] 6b9cafda-ecc3-4d1f-b972-13a8e88287d4 [2026-06-15T06:28:27.013932] Uploaded build artifacts cache (216B) (STDOUT, STG)#
#2026 06 15 06:28:28.503#Z#DEBUG#3865194f-6883-11f1-aca3-eeee0a82a9ce.capbms#flowable-async-job-executor-thread-25610#
[PollStageAppStatusExecution] 6b9cafda-ecc3-4d1f-b972-13a8e88287d4 [2026-06-15T06:28:27.768822] Creating droplet for app with guid 6b9cafda-ecc3-4d1f-b972-13a8e88287d4 (STDOUT, API)#
#2026 06 15 06:28:38.616#Z#DEBUG#3865194f-6883-11f1-aca3-eeee0a82a9ce.capbms#flowable-async-job-executor-thread-25613#
[PollStageAppStatusExecution] 6b9cafda-ecc3-4d1f-b972-13a8e88287d4 [2026-06-15T06:28:30.837230] Uploaded droplet (62.4M) (STDOUT, STG)#
#2026 06 15 06:28:38.616#Z#DEBUG#3865194f-6883-11f1-aca3-eeee0a82a9ce.capbms#flowable-async-job-executor-thread-25613#
[PollStageAppStatusExecution] 6b9cafda-ecc3-4d1f-b972-13a8e88287d4 [2026-06-15T06:28:30.860146] Uploading complete (STDOUT, STG)#
#2026 06 15 06:28:38.616#Z#DEBUG#3865194f-6883-11f1-aca3-eeee0a82a9ce.capbms#flowable-async-job-executor-thread-25613#
[PollStageAppStatusExecution] 6b9cafda-ecc3-4d1f-b972-13a8e88287d4 [2026-06-15T06:28:31.664232] Cell 77283d80-dfa7-40ba-ba4e-265aef112085 stopping instance a1994401-28ca-4eb3-ba10-a5093d2e377b (STDOUT, STG)#
#2026 06 15 06:28:38.616#Z#DEBUG#3865194f-6883-11f1-aca3-eeee0a82a9ce.capbms#flowable-async-job-executor-thread-25613#
[PollStageAppStatusExecution] 6b9cafda-ecc3-4d1f-b972-13a8e88287d4 [2026-06-15T06:28:31.664270] Cell 77283d80-dfa7-40ba-ba4e-265aef112085 destroying container for instance a1994401-28ca-4eb3-ba10-a5093d2e377b (STDOUT, STG)#
#2026 06 15 06:28:38.616#Z#DEBUG#3865194f-6883-11f1-aca3-eeee0a82a9ce.capbms#flowable-async-job-executor-thread-25613#
[PollStageAppStatusExecution] 6b9cafda-ecc3-4d1f-b972-13a8e88287d4 [2026-06-15T06:28:31.714730] Staging complete for build a1994401-28ca-4eb3-ba10-a5093d2e377b (STDOUT, API)#
#2026 06 15 06:28:38.616#Z#DEBUG#3865194f-6883-11f1-aca3-eeee0a82a9ce.capbms#flowable-async-job-executor-thread-25613#
[PollStageAppStatusExecution] 6b9cafda-ecc3-4d1f-b972-13a8e88287d4 [2026-06-15T06:28:37.486223] Cell 77283d80-dfa7-40ba-ba4e-265aef112085 successfully destroyed container for instance a1994401-28ca-4eb3-ba10-a5093d2e377b (STDOUT, STG)#
#2026 06 15 06:28:48.710#Z#DEBUG#3865194f-6883-11f1-aca3-eeee0a82a9ce.capbms#flowable-async-job-executor-thread-25622#
[PollStartAppStatusExecution] 6b9cafda-ecc3-4d1f-b972-13a8e88287d4 [2026-06-15T06:28:38.697869] Updated app with guid 6b9cafda-ecc3-4d1f-b972-13a8e88287d4 ({:droplet_guid=>"b92233ff-333f-4076-8c95-ce103078adbb"}) (STDOUT, API)#
#2026 06 15 06:28:48.710#Z#DEBUG#3865194f-6883-11f1-aca3-eeee0a82a9ce.capbms#flowable-async-job-executor-thread-25622#
[PollStartAppStatusExecution] 6b9cafda-ecc3-4d1f-b972-13a8e88287d4 [2026-06-15T06:28:38.888396] Creating revision for app with guid 6b9cafda-ecc3-4d1f-b972-13a8e88287d4 (STDOUT, API)#
#2026 06 15 06:28:48.710#Z#DEBUG#3865194f-6883-11f1-aca3-eeee0a82a9ce.capbms#flowable-async-job-executor-thread-25622#
[PollStartAppStatusExecution] 6b9cafda-ecc3-4d1f-b972-13a8e88287d4 [2026-06-15T06:28:38.921261] Starting app with guid 6b9cafda-ecc3-4d1f-b972-13a8e88287d4 (STDOUT, API)#
#2026 06 15 06:28:48.710#Z#DEBUG#3865194f-6883-11f1-aca3-eeee0a82a9ce.capbms#flowable-async-job-executor-thread-25622#
[PollStartAppStatusExecution] 6b9cafda-ecc3-4d1f-b972-13a8e88287d4 [2026-06-15T06:28:39.152497] Cell 77283d80-dfa7-40ba-ba4e-265aef112085 creating container for instance a67fdc32-faa9-48a2-55cb-3550 (STDOUT, CELL)#
#2026 06 15 06:28:48.710#Z#DEBUG#3865194f-6883-11f1-aca3-eeee0a82a9ce.capbms#flowable-async-job-executor-thread-25622#
[PollStartAppStatusExecution] 6b9cafda-ecc3-4d1f-b972-13a8e88287d4 [2026-06-15T06:28:39.965039] Security group rules were updated (STDOUT, CELL)#
#2026 06 15 06:28:48.710#Z#DEBUG#3865194f-6883-11f1-aca3-eeee0a82a9ce.capbms#flowable-async-job-executor-thread-25622#
[PollStartAppStatusExecution] 6b9cafda-ecc3-4d1f-b972-13a8e88287d4 [2026-06-15T06:28:40.046979] Cell 77283d80-dfa7-40ba-ba4e-265aef112085 successfully created container for instance a67fdc32-faa9-48a2-55cb-3550 (STDOUT, CELL)#
#2026 06 15 06:28:48.710#Z#DEBUG#3865194f-6883-11f1-aca3-eeee0a82a9ce.capbms#flowable-async-job-executor-thread-25622#
[PollStartAppStatusExecution] 6b9cafda-ecc3-4d1f-b972-13a8e88287d4 [2026-06-15T06:28:41.010537] Downloading droplet... (STDOUT, CELL)#
#2026 06 15 06:28:48.710#Z#DEBUG#3865194f-6883-11f1-aca3-eeee0a82a9ce.capbms#flowable-async-job-executor-thread-25622#
[PollStartAppStatusExecution] 6b9cafda-ecc3-4d1f-b972-13a8e88287d4 [2026-06-15T06:28:46.774217] Downloaded droplet (62.4M) (STDOUT, CELL)#
#2026 06 15 06:28:48.710#Z#DEBUG#3865194f-6883-11f1-aca3-eeee0a82a9ce.capbms#flowable-async-job-executor-thread-25622#
[PollStartAppStatusExecution] 6b9cafda-ecc3-4d1f-b972-13a8e88287d4 [2026-06-15T06:28:46.774501] Starting health monitoring of container (STDOUT, CELL)#
#2026 06 15 06:28:48.710#Z#DEBUG#3865194f-6883-11f1-aca3-eeee0a82a9ce.capbms#flowable-async-job-executor-thread-25622#
[PollStartAppStatusExecution] 6b9cafda-ecc3-4d1f-b972-13a8e88287d4 [2026-06-15T06:28:46.915747] Invoking pre-start scripts. (STDOUT, APP/PROC/WEB)#
#2026 06 15 06:28:48.710#Z#DEBUG#3865194f-6883-11f1-aca3-eeee0a82a9ce.capbms#flowable-async-job-executor-thread-25622#
[PollStartAppStatusExecution] 6b9cafda-ecc3-4d1f-b972-13a8e88287d4 [2026-06-15T06:28:47.155873] Invoking start command. (STDOUT, APP/PROC/WEB)#
#2026 06 15 06:28:48.710#Z#DEBUG#3865194f-6883-11f1-aca3-eeee0a82a9ce.capbms#flowable-async-job-executor-thread-25622#
[PollStartAppStatusExecution] 6b9cafda-ecc3-4d1f-b972-13a8e88287d4 [2026-06-15T06:28:47.624787] > start (STDOUT, APP/PROC/WEB)#
#2026 06 15 06:28:48.710#Z#DEBUG#3865194f-6883-11f1-aca3-eeee0a82a9ce.capbms#flowable-async-job-executor-thread-25622#
[PollStartAppStatusExecution] 6b9cafda-ecc3-4d1f-b972-13a8e88287d4 [2026-06-15T06:28:47.624821] > node node_modules/@sap/approuter/approuter.js (STDOUT, APP/PROC/WEB)#
#2026 06 15 06:28:48.710#Z#DEBUG#3865194f-6883-11f1-aca3-eeee0a82a9ce.capbms#flowable-async-job-executor-thread-25622#
[PollStartAppStatusExecution] 6b9cafda-ecc3-4d1f-b972-13a8e88287d4 [2026-06-15T06:28:47.809735] {"written_at":"2026-06-15T06:28:47.807Z","written_ts":1781504927807000000,"csn_component":"-","correlation_id":"-","type":"log","logger":"nodejs-logger","layer":"/LoggingLibrary","level":"warning","container_id":"10.32.3.6","component_type":"application","component_id":"6b9cafda-ecc3-4d1f-b972-13a8e88287d4","component_name":"capbms","component_instance":-1,"source_instance":-1,"organization_id":"7240735c-b6e9-4d40-8951-44f22e3c06c7","organization_name":"d72dcf8etrial","space_id":"2815896a-5401-460a-8f1b-8eb4708d40d5","space_name":"dev","context_id":"","msg":"Dynamic log level switching not available"} (STDOUT, APP/PROC/WEB)#
#2026 06 15 06:28:58.725#Z#DEBUG#3865194f-6883-11f1-aca3-eeee0a82a9ce.capbms#flowable-async-job-executor-thread-25628#
[PollStartAppStatusExecution] 6b9cafda-ecc3-4d1f-b972-13a8e88287d4 [2026-06-15T06:28:48.411365] {"written_at":"2026-06-15T06:28:48.410Z","written_ts":1781504928410000000,"csn_component":"-","correlation_id":"mqeu1cbe","type":"log","logger":"nodejs-logger","layer":"/approuter","level":"info","container_id":"10.32.3.6","component_type":"application","component_id":"6b9cafda-ecc3-4d1f-b972-13a8e88287d4","component_name":"capbms","component_instance":-1,"source_instance":-1,"organization_id":"7240735c-b6e9-4d40-8951-44f22e3c06c7","organization_name":"d72dcf8etrial","space_id":"2815896a-5401-460a-8f1b-8eb4708d40d5","space_name":"dev","context_id":"mqeu1cbe","msg":"Application router version 22.0.1"} (STDOUT, APP/PROC/WEB)#
#2026 06 15 06:28:58.725#Z#DEBUG#3865194f-6883-11f1-aca3-eeee0a82a9ce.capbms#flowable-async-job-executor-thread-25628#
[PollStartAppStatusExecution] 6b9cafda-ecc3-4d1f-b972-13a8e88287d4 [2026-06-15T06:28:48.416463] {"written_at":"2026-06-15T06:28:48.416Z","written_ts":1781504928416000000,"csn_component":"-","correlation_id":"mqeu1cbk","type":"log","logger":"nodejs-logger","layer":"/Configuration","level":"info","container_id":"10.32.3.6","component_type":"application","component_id":"6b9cafda-ecc3-4d1f-b972-13a8e88287d4","component_name":"capbms","component_instance":-1,"source_instance":-1,"organization_id":"7240735c-b6e9-4d40-8951-44f22e3c06c7","organization_name":"d72dcf8etrial","space_id":"2815896a-5401-460a-8f1b-8eb4708d40d5","space_name":"dev","context_id":"mqeu1cbk","msg":"No COOKIES environment variable"} (STDOUT, APP/PROC/WEB)#
#2026 06 15 06:28:58.725#Z#DEBUG#3865194f-6883-11f1-aca3-eeee0a82a9ce.capbms#flowable-async-job-executor-thread-25628#
[PollStartAppStatusExecution] 6b9cafda-ecc3-4d1f-b972-13a8e88287d4 [2026-06-15T06:28:48.463162] {"written_at":"2026-06-15T06:28:48.462Z","written_ts":1781504928462000000,"csn_component":"-","correlation_id":"mqeu1cbe","type":"log","logger":"nodejs-logger","layer":"/approuter","level":"info","container_id":"10.32.3.6","component_type":"application","component_id":"6b9cafda-ecc3-4d1f-b972-13a8e88287d4","component_name":"capbms","component_instance":-1,"source_instance":-1,"organization_id":"7240735c-b6e9-4d40-8951-44f22e3c06c7","organization_name":"d72dcf8etrial","space_id":"2815896a-5401-460a-8f1b-8eb4708d40d5","space_name":"dev","context_id":"mqeu1cbe","msg":"Application router is listening on port: 8080"} (STDOUT, APP/PROC/WEB)#
#2026 06 15 06:28:58.725#Z#DEBUG#3865194f-6883-11f1-aca3-eeee0a82a9ce.capbms#flowable-async-job-executor-thread-25628#
[PollStartAppStatusExecution] 6b9cafda-ecc3-4d1f-b972-13a8e88287d4 [2026-06-15T06:28:49.326272] Container became healthy (STDOUT, CELL)#
#2026 06 15 06:28:58.725#Z#DEBUG#3865194f-6883-11f1-aca3-eeee0a82a9ce.capbms#flowable-async-job-executor-thread-25628#
[PollStartAppStatusExecution] 6b9cafda-ecc3-4d1f-b972-13a8e88287d4 [2026-06-15T06:28:49.361721] Process became ready with guid 6b9cafda-ecc3-4d1f-b972-13a8e88287d4 payload: {"instance"=>"a67fdc32-faa9-48a2-55cb-3550", "index"=>0, "cell_id"=>"77283d80-dfa7-40ba-ba4e-265aef112085", "ready"=>true, "version"=>"47e14314-640d-48e6-a6db-277663f92a0d"} (STDOUT, API)#
